

Started GET "/" for 127.0.0.1 at 2015-10-14 15:56:51 -0700

ActiveRecord::NoDatabaseError (FATAL:  database "pubs-portal_development" does not exist
):
  activerecord (4.2.1) lib/active_record/connection_adapters/postgresql_adapter.rb:661:in `rescue in connect'
  activerecord (4.2.1) lib/active_record/connection_adapters/postgresql_adapter.rb:651:in `connect'
  activerecord (4.2.1) lib/active_record/connection_adapters/postgresql_adapter.rb:242:in `initialize'
  activerecord (4.2.1) lib/active_record/connection_adapters/postgresql_adapter.rb:44:in `new'
  activerecord (4.2.1) lib/active_record/connection_adapters/postgresql_adapter.rb:44:in `postgresql_connection'
  activerecord (4.2.1) lib/active_record/connection_adapters/abstract/connection_pool.rb:438:in `new_connection'
  activerecord (4.2.1) lib/active_record/connection_adapters/abstract/connection_pool.rb:448:in `checkout_new_connection'
  activerecord (4.2.1) lib/active_record/connection_adapters/abstract/connection_pool.rb:422:in `acquire_connection'
  activerecord (4.2.1) lib/active_record/connection_adapters/abstract/connection_pool.rb:349:in `block in checkout'
  /home/lfu/.rvm/rubies/ruby-2.2.1/lib/ruby/2.2.0/monitor.rb:211:in `mon_synchronize'
  activerecord (4.2.1) lib/active_record/connection_adapters/abstract/connection_pool.rb:348:in `checkout'
  activerecord (4.2.1) lib/active_record/connection_adapters/abstract/connection_pool.rb:263:in `block in connection'
  /home/lfu/.rvm/rubies/ruby-2.2.1/lib/ruby/2.2.0/monitor.rb:211:in `mon_synchronize'
  activerecord (4.2.1) lib/active_record/connection_adapters/abstract/connection_pool.rb:262:in `connection'
  activerecord (4.2.1) lib/active_record/connection_adapters/abstract/connection_pool.rb:567:in `retrieve_connection'
  activerecord (4.2.1) lib/active_record/connection_handling.rb:113:in `retrieve_connection'
  activerecord (4.2.1) lib/active_record/connection_handling.rb:87:in `connection'
  activerecord (4.2.1) lib/active_record/migration.rb:384:in `connection'
  activerecord (4.2.1) lib/active_record/migration.rb:371:in `call'
  actionpack (4.2.1) lib/action_dispatch/middleware/callbacks.rb:29:in `block in call'
  activesupport (4.2.1) lib/active_support/callbacks.rb:88:in `call'
  activesupport (4.2.1) lib/active_support/callbacks.rb:88:in `_run_callbacks'
  activesupport (4.2.1) lib/active_support/callbacks.rb:776:in `_run_call_callbacks'
  activesupport (4.2.1) lib/active_support/callbacks.rb:81:in `run_callbacks'
  actionpack (4.2.1) lib/action_dispatch/middleware/callbacks.rb:27:in `call'
  actionpack (4.2.1) lib/action_dispatch/middleware/reloader.rb:73:in `call'
  actionpack (4.2.1) lib/action_dispatch/middleware/remote_ip.rb:78:in `call'
  actionpack (4.2.1) lib/action_dispatch/middleware/debug_exceptions.rb:17:in `call'
  web-console (2.2.1) lib/web_console/middleware.rb:39:in `call'
  actionpack (4.2.1) lib/action_dispatch/middleware/show_exceptions.rb:30:in `call'
  railties (4.2.1) lib/rails/rack/logger.rb:38:in `call_app'
  railties (4.2.1) lib/rails/rack/logger.rb:20:in `block in call'
  activesupport (4.2.1) lib/active_support/tagged_logging.rb:68:in `block in tagged'
  activesupport (4.2.1) lib/active_support/tagged_logging.rb:26:in `tagged'
  activesupport (4.2.1) lib/active_support/tagged_logging.rb:68:in `tagged'
  railties (4.2.1) lib/rails/rack/logger.rb:20:in `call'
  actionpack (4.2.1) lib/action_dispatch/middleware/request_id.rb:21:in `call'
  rack (1.6.4) lib/rack/methodoverride.rb:22:in `call'
  rack (1.6.4) lib/rack/runtime.rb:18:in `call'
  activesupport (4.2.1) lib/active_support/cache/strategy/local_cache_middleware.rb:28:in `call'
  rack (1.6.4) lib/rack/lock.rb:17:in `call'
  actionpack (4.2.1) lib/action_dispatch/middleware/static.rb:113:in `call'
  rack (1.6.4) lib/rack/sendfile.rb:113:in `call'
  railties (4.2.1) lib/rails/engine.rb:518:in `call'
  railties (4.2.1) lib/rails/application.rb:164:in `call'
  rack (1.6.4) lib/rack/lock.rb:17:in `call'
  rack (1.6.4) lib/rack/content_length.rb:15:in `call'
  rack (1.6.4) lib/rack/handler/webrick.rb:88:in `service'
  /home/lfu/.rvm/rubies/ruby-2.2.1/lib/ruby/2.2.0/webrick/httpserver.rb:138:in `service'
  /home/lfu/.rvm/rubies/ruby-2.2.1/lib/ruby/2.2.0/webrick/httpserver.rb:94:in `run'
  /home/lfu/.rvm/rubies/ruby-2.2.1/lib/ruby/2.2.0/webrick/server.rb:294:in `block in start_thread'


  Rendered /home/lfu/.rvm/gems/ruby-2.2.1/gems/actionpack-4.2.1/lib/action_dispatch/middleware/templates/rescues/_source.erb (2.9ms)
  Rendered /home/lfu/.rvm/gems/ruby-2.2.1/gems/actionpack-4.2.1/lib/action_dispatch/middleware/templates/rescues/_trace.html.erb (1.7ms)
  Rendered /home/lfu/.rvm/gems/ruby-2.2.1/gems/actionpack-4.2.1/lib/action_dispatch/middleware/templates/rescues/_request_and_response.html.erb (0.9ms)
  Rendered /home/lfu/.rvm/gems/ruby-2.2.1/gems/actionpack-4.2.1/lib/action_dispatch/middleware/templates/rescues/diagnostics.html.erb within rescues/layout (166.5ms)
  Rendered /home/lfu/.rvm/gems/ruby-2.2.1/gems/web-console-2.2.1/lib/web_console/templates/_markup.html.erb (0.3ms)
  Rendered /home/lfu/.rvm/gems/ruby-2.2.1/gems/web-console-2.2.1/lib/web_console/templates/_inner_console_markup.html.erb within layouts/inlined_string (0.2ms)
  Rendered /home/lfu/.rvm/gems/ruby-2.2.1/gems/web-console-2.2.1/lib/web_console/templates/_prompt_box_markup.html.erb within layouts/inlined_string (0.2ms)
  Rendered /home/lfu/.rvm/gems/ruby-2.2.1/gems/web-console-2.2.1/lib/web_console/templates/style.css.erb within layouts/inlined_string (0.2ms)
  Rendered /home/lfu/.rvm/gems/ruby-2.2.1/gems/web-console-2.2.1/lib/web_console/templates/console.js.erb within layouts/javascript (12.8ms)
  Rendered /home/lfu/.rvm/gems/ruby-2.2.1/gems/web-console-2.2.1/lib/web_console/templates/main.js.erb within layouts/javascript (0.2ms)
  Rendered /home/lfu/.rvm/gems/ruby-2.2.1/gems/web-console-2.2.1/lib/web_console/templates/error_page.js.erb within layouts/javascript (0.3ms)
  Rendered /home/lfu/.rvm/gems/ruby-2.2.1/gems/web-console-2.2.1/lib/web_console/templates/index.html.erb (63.9ms)
  [1m[36m (49.2ms)[0m  [1mCREATE TABLE "schema_migrations" ("version" character varying NOT NULL) [0m
  [1m[35m (48.2ms)[0m  CREATE UNIQUE INDEX  "unique_schema_migrations" ON "schema_migrations"  ("version")
  [1m[36mActiveRecord::SchemaMigration Load (0.3ms)[0m  [1mSELECT "schema_migrations".* FROM "schema_migrations"[0m
  [1m[36mSQL (0.3ms)[0m  [1mCREATE EXTENSION IF NOT EXISTS "plpgsql"[0m
  [1m[35m (0.2ms)[0m  SELECT version FROM "schema_migrations"
  [1m[36m (35.9ms)[0m  [1mINSERT INTO "schema_migrations" (version) VALUES ('0')[0m
  [1m[35mSQL (0.1ms)[0m  CREATE EXTENSION IF NOT EXISTS "plpgsql"
  [1m[36m (62.2ms)[0m  [1mCREATE TABLE "schema_migrations" ("version" character varying NOT NULL) [0m
  [1m[35m (72.1ms)[0m  CREATE UNIQUE INDEX  "unique_schema_migrations" ON "schema_migrations"  ("version")
  [1m[36m (0.3ms)[0m  [1mSELECT version FROM "schema_migrations"[0m
  [1m[35m (7.5ms)[0m  INSERT INTO "schema_migrations" (version) VALUES ('0')
  [1m[36mActiveRecord::SchemaMigration Load (0.2ms)[0m  [1mSELECT "schema_migrations".* FROM "schema_migrations"[0m


Started GET "/" for 127.0.0.1 at 2015-10-14 15:59:24 -0700
Processing by Rails::WelcomeController#index as HTML
  Rendered /home/lfu/.rvm/gems/ruby-2.2.1/gems/railties-4.2.1/lib/rails/templates/rails/welcome/index.html.erb (0.8ms)
Completed 200 OK in 71ms (Views: 20.4ms | ActiveRecord: 0.0ms)
  [1m[36mActiveRecord::SchemaMigration Load (0.3ms)[0m  [1mSELECT "schema_migrations".* FROM "schema_migrations"[0m
Migrating to CreateUsers (20151014231458)
  [1m[35m (0.1ms)[0m  BEGIN
  [1m[36m (86.7ms)[0m  [1mCREATE TABLE "users" ("id" serial primary key, "first_name" character varying, "last_name" character varying, "email" character varying, "created_at" timestamp NOT NULL, "updated_at" timestamp NOT NULL) [0m
  [1m[35mSQL (0.2ms)[0m  INSERT INTO "schema_migrations" ("version") VALUES ($1)  [["version", "20151014231458"]]
  [1m[36m (19.2ms)[0m  [1mCOMMIT[0m
Migrating to CreateAuthenticationTokens (20151014231609)
  [1m[35m (0.2ms)[0m  BEGIN
  [1m[36m (108.0ms)[0m  [1mCREATE TABLE "authentication_tokens" ("id" serial primary key, "body" character varying, "user_id" integer, "last_used_at" timestamp, "ip_address" character varying, "user_agent" character varying, "created_at" timestamp NOT NULL, "updated_at" timestamp NOT NULL) [0m
  [1m[35m (40.4ms)[0m  CREATE  INDEX  "index_authentication_tokens_on_user_id" ON "authentication_tokens"  ("user_id")
  [1m[36m (1.1ms)[0m  [1mALTER TABLE "authentication_tokens" ADD CONSTRAINT "fk_rails_ad331ebb27"
FOREIGN KEY ("user_id")
  REFERENCES "users" ("id")
[0m
  [1m[35mSQL (0.2ms)[0m  INSERT INTO "schema_migrations" ("version") VALUES ($1)  [["version", "20151014231609"]]
  [1m[36m (21.0ms)[0m  [1mCOMMIT[0m
Migrating to AddPasswordDigestToUser (20151014231654)
  [1m[35m (0.2ms)[0m  BEGIN
  [1m[36mSQL (0.2ms)[0m  [1mINSERT INTO "schema_migrations" ("version") VALUES ($1)[0m  [["version", "20151014231654"]]
  [1m[35m (6.1ms)[0m  COMMIT
  [1m[36mActiveRecord::SchemaMigration Load (0.2ms)[0m  [1mSELECT "schema_migrations".* FROM "schema_migrations"[0m
  [1m[35m (2.1ms)[0m  SELECT t2.oid::regclass::text AS to_table, a1.attname AS column, a2.attname AS primary_key, c.conname AS name, c.confupdtype AS on_update, c.confdeltype AS on_delete
FROM pg_constraint c
JOIN pg_class t1 ON c.conrelid = t1.oid
JOIN pg_class t2 ON c.confrelid = t2.oid
JOIN pg_attribute a1 ON a1.attnum = c.conkey[1] AND a1.attrelid = t1.oid
JOIN pg_attribute a2 ON a2.attnum = c.confkey[1] AND a2.attrelid = t2.oid
JOIN pg_namespace t3 ON c.connamespace = t3.oid
WHERE c.contype = 'f'
  AND t1.relname = 'authentication_tokens'
  AND t3.nspname = ANY (current_schemas(false))
ORDER BY c.conname

  [1m[36m (1.8ms)[0m  [1mSELECT t2.oid::regclass::text AS to_table, a1.attname AS column, a2.attname AS primary_key, c.conname AS name, c.confupdtype AS on_update, c.confdeltype AS on_delete
FROM pg_constraint c
JOIN pg_class t1 ON c.conrelid = t1.oid
JOIN pg_class t2 ON c.confrelid = t2.oid
JOIN pg_attribute a1 ON a1.attnum = c.conkey[1] AND a1.attrelid = t1.oid
JOIN pg_attribute a2 ON a2.attnum = c.confkey[1] AND a2.attrelid = t2.oid
JOIN pg_namespace t3 ON c.connamespace = t3.oid
WHERE c.contype = 'f'
  AND t1.relname = 'users'
  AND t3.nspname = ANY (current_schemas(false))
ORDER BY c.conname
[0m
  [1m[36mActiveRecord::SchemaMigration Load (0.2ms)[0m  [1mSELECT "schema_migrations".* FROM "schema_migrations"[0m
  [1m[35mActiveRecord::SchemaMigration Load (0.1ms)[0m  SELECT "schema_migrations".* FROM "schema_migrations"
  [1m[36m (2.1ms)[0m  [1mSELECT t2.oid::regclass::text AS to_table, a1.attname AS column, a2.attname AS primary_key, c.conname AS name, c.confupdtype AS on_update, c.confdeltype AS on_delete
FROM pg_constraint c
JOIN pg_class t1 ON c.conrelid = t1.oid
JOIN pg_class t2 ON c.confrelid = t2.oid
JOIN pg_attribute a1 ON a1.attnum = c.conkey[1] AND a1.attrelid = t1.oid
JOIN pg_attribute a2 ON a2.attnum = c.confkey[1] AND a2.attrelid = t2.oid
JOIN pg_namespace t3 ON c.connamespace = t3.oid
WHERE c.contype = 'f'
  AND t1.relname = 'authentication_tokens'
  AND t3.nspname = ANY (current_schemas(false))
ORDER BY c.conname
[0m
  [1m[35m (2.0ms)[0m  SELECT t2.oid::regclass::text AS to_table, a1.attname AS column, a2.attname AS primary_key, c.conname AS name, c.confupdtype AS on_update, c.confdeltype AS on_delete
FROM pg_constraint c
JOIN pg_class t1 ON c.conrelid = t1.oid
JOIN pg_class t2 ON c.confrelid = t2.oid
JOIN pg_attribute a1 ON a1.attnum = c.conkey[1] AND a1.attrelid = t1.oid
JOIN pg_attribute a2 ON a2.attnum = c.confkey[1] AND a2.attrelid = t2.oid
JOIN pg_namespace t3 ON c.connamespace = t3.oid
WHERE c.contype = 'f'
  AND t1.relname = 'users'
  AND t3.nspname = ANY (current_schemas(false))
ORDER BY c.conname

  [1m[36mActiveRecord::SchemaMigration Load (0.3ms)[0m  [1mSELECT "schema_migrations".* FROM "schema_migrations"[0m
  [1m[35mActiveRecord::SchemaMigration Load (0.2ms)[0m  SELECT "schema_migrations".* FROM "schema_migrations"
Migrating to AddPasswordDigestToUser (20151014231654)
  [1m[36m (0.1ms)[0m  [1mBEGIN[0m
  [1m[35mSQL (0.2ms)[0m  DELETE FROM "schema_migrations" WHERE "schema_migrations"."version" = $1  [["version", "20151014231654"]]
  [1m[36m (55.9ms)[0m  [1mCOMMIT[0m
  [1m[35mActiveRecord::SchemaMigration Load (0.2ms)[0m  SELECT "schema_migrations".* FROM "schema_migrations"
  [1m[36m (2.7ms)[0m  [1mSELECT t2.oid::regclass::text AS to_table, a1.attname AS column, a2.attname AS primary_key, c.conname AS name, c.confupdtype AS on_update, c.confdeltype AS on_delete
FROM pg_constraint c
JOIN pg_class t1 ON c.conrelid = t1.oid
JOIN pg_class t2 ON c.confrelid = t2.oid
JOIN pg_attribute a1 ON a1.attnum = c.conkey[1] AND a1.attrelid = t1.oid
JOIN pg_attribute a2 ON a2.attnum = c.confkey[1] AND a2.attrelid = t2.oid
JOIN pg_namespace t3 ON c.connamespace = t3.oid
WHERE c.contype = 'f'
  AND t1.relname = 'authentication_tokens'
  AND t3.nspname = ANY (current_schemas(false))
ORDER BY c.conname
[0m
  [1m[35m (2.5ms)[0m  SELECT t2.oid::regclass::text AS to_table, a1.attname AS column, a2.attname AS primary_key, c.conname AS name, c.confupdtype AS on_update, c.confdeltype AS on_delete
FROM pg_constraint c
JOIN pg_class t1 ON c.conrelid = t1.oid
JOIN pg_class t2 ON c.confrelid = t2.oid
JOIN pg_attribute a1 ON a1.attnum = c.conkey[1] AND a1.attrelid = t1.oid
JOIN pg_attribute a2 ON a2.attnum = c.confkey[1] AND a2.attrelid = t2.oid
JOIN pg_namespace t3 ON c.connamespace = t3.oid
WHERE c.contype = 'f'
  AND t1.relname = 'users'
  AND t3.nspname = ANY (current_schemas(false))
ORDER BY c.conname

  [1m[36mActiveRecord::SchemaMigration Load (0.2ms)[0m  [1mSELECT "schema_migrations".* FROM "schema_migrations"[0m
Migrating to AddPasswordDigestToUser (20151014231654)
  [1m[35m (0.1ms)[0m  BEGIN
  [1m[36m (0.3ms)[0m  [1mALTER TABLE "users" ADD "password_digest" character varying[0m
  [1m[35m (52.7ms)[0m  CREATE  INDEX  "index_users_on_email" ON "users"  ("email")
  [1m[36mSQL (0.2ms)[0m  [1mINSERT INTO "schema_migrations" ("version") VALUES ($1)[0m  [["version", "20151014231654"]]
  [1m[35m (17.6ms)[0m  COMMIT
  [1m[36mActiveRecord::SchemaMigration Load (0.2ms)[0m  [1mSELECT "schema_migrations".* FROM "schema_migrations"[0m
  [1m[35m (3.1ms)[0m  SELECT t2.oid::regclass::text AS to_table, a1.attname AS column, a2.attname AS primary_key, c.conname AS name, c.confupdtype AS on_update, c.confdeltype AS on_delete
FROM pg_constraint c
JOIN pg_class t1 ON c.conrelid = t1.oid
JOIN pg_class t2 ON c.confrelid = t2.oid
JOIN pg_attribute a1 ON a1.attnum = c.conkey[1] AND a1.attrelid = t1.oid
JOIN pg_attribute a2 ON a2.attnum = c.confkey[1] AND a2.attrelid = t2.oid
JOIN pg_namespace t3 ON c.connamespace = t3.oid
WHERE c.contype = 'f'
  AND t1.relname = 'authentication_tokens'
  AND t3.nspname = ANY (current_schemas(false))
ORDER BY c.conname

  [1m[36m (2.9ms)[0m  [1mSELECT t2.oid::regclass::text AS to_table, a1.attname AS column, a2.attname AS primary_key, c.conname AS name, c.confupdtype AS on_update, c.confdeltype AS on_delete
FROM pg_constraint c
JOIN pg_class t1 ON c.conrelid = t1.oid
JOIN pg_class t2 ON c.confrelid = t2.oid
JOIN pg_attribute a1 ON a1.attnum = c.conkey[1] AND a1.attrelid = t1.oid
JOIN pg_attribute a2 ON a2.attnum = c.confkey[1] AND a2.attrelid = t2.oid
JOIN pg_namespace t3 ON c.connamespace = t3.oid
WHERE c.contype = 'f'
  AND t1.relname = 'users'
  AND t3.nspname = ANY (current_schemas(false))
ORDER BY c.conname
[0m


Started GET "/" for 127.0.0.1 at 2015-10-14 17:06:27 -0700
  [1m[36mActiveRecord::SchemaMigration Load (0.2ms)[0m  [1mSELECT "schema_migrations".* FROM "schema_migrations"[0m
Processing by Rails::WelcomeController#index as HTML
  Rendered /home/lfu/.rvm/gems/ruby-2.2.1/gems/railties-4.2.1/lib/rails/templates/rails/welcome/index.html.erb (1.0ms)
Completed 200 OK in 17ms (Views: 4.1ms | ActiveRecord: 0.0ms)


Started GET "/" for 127.0.0.1 at 2015-10-14 17:28:01 -0700
Processing by WelcomeController#index as HTML
Completed   in 0ms (ActiveRecord: 0.0ms)


Started GET "/" for 127.0.0.1 at 2015-10-14 17:29:19 -0700

SyntaxError (/home/lfu/projects/pubs-portal/app/controllers/welcome_controller.rb:2: syntax error, unexpected ':', expecting keyword_end
	skip_before_action: authenticate!, only: [:index]
	                   ^):
  app/controllers/welcome_controller.rb:2: syntax error, unexpected ':', expecting keyword_end


  Rendered /home/lfu/.rvm/gems/ruby-2.2.1/gems/actionpack-4.2.1/lib/action_dispatch/middleware/templates/rescues/_source.erb (3.2ms)
  Rendered /home/lfu/.rvm/gems/ruby-2.2.1/gems/actionpack-4.2.1/lib/action_dispatch/middleware/templates/rescues/_trace.html.erb (1.4ms)
  Rendered /home/lfu/.rvm/gems/ruby-2.2.1/gems/actionpack-4.2.1/lib/action_dispatch/middleware/templates/rescues/_request_and_response.html.erb (0.7ms)
  Rendered /home/lfu/.rvm/gems/ruby-2.2.1/gems/actionpack-4.2.1/lib/action_dispatch/middleware/templates/rescues/diagnostics.html.erb within rescues/layout (15.6ms)
  Rendered /home/lfu/.rvm/gems/ruby-2.2.1/gems/web-console-2.2.1/lib/web_console/templates/_markup.html.erb (0.2ms)
  Rendered /home/lfu/.rvm/gems/ruby-2.2.1/gems/web-console-2.2.1/lib/web_console/templates/_inner_console_markup.html.erb within layouts/inlined_string (0.2ms)
  Rendered /home/lfu/.rvm/gems/ruby-2.2.1/gems/web-console-2.2.1/lib/web_console/templates/_prompt_box_markup.html.erb within layouts/inlined_string (0.2ms)
  Rendered /home/lfu/.rvm/gems/ruby-2.2.1/gems/web-console-2.2.1/lib/web_console/templates/style.css.erb within layouts/inlined_string (0.3ms)
  Rendered /home/lfu/.rvm/gems/ruby-2.2.1/gems/web-console-2.2.1/lib/web_console/templates/console.js.erb within layouts/javascript (12.8ms)
  Rendered /home/lfu/.rvm/gems/ruby-2.2.1/gems/web-console-2.2.1/lib/web_console/templates/main.js.erb within layouts/javascript (0.2ms)
  Rendered /home/lfu/.rvm/gems/ruby-2.2.1/gems/web-console-2.2.1/lib/web_console/templates/error_page.js.erb within layouts/javascript (0.2ms)
  Rendered /home/lfu/.rvm/gems/ruby-2.2.1/gems/web-console-2.2.1/lib/web_console/templates/index.html.erb (26.6ms)


Started GET "/" for 127.0.0.1 at 2015-10-14 17:29:34 -0700
Processing by WelcomeController#index as HTML
  Rendered welcome/index.html.erb within layouts/application (8.1ms)
Completed 500 Internal Server Error in 10ms (ActiveRecord: 0.0ms)

ActionView::Template::Error (undefined local variable or method `f' for #<#<Class:0xb5525624>:0xb5525160>):
    2: 
    3: <%= form_tag("/sign_in", method: "post") do %>
    4: 	<div class="field form-group">
    5: 	    <%= f.label :email, class: "sr-only" %>
    6: 	    <%= f.email_field :email, autofocus: true, class: "form-control input-lg", placeholder: "Email" %>
    7: 	</div>
    8: 	<div class="field form-group">
  app/views/welcome/index.html.erb:5:in `block in _app_views_welcome_index_html_erb__784920480__626449418'
  app/views/welcome/index.html.erb:3:in `_app_views_welcome_index_html_erb__784920480__626449418'


  Rendered /home/lfu/.rvm/gems/ruby-2.2.1/gems/actionpack-4.2.1/lib/action_dispatch/middleware/templates/rescues/_source.erb (5.8ms)
  Rendered /home/lfu/.rvm/gems/ruby-2.2.1/gems/actionpack-4.2.1/lib/action_dispatch/middleware/templates/rescues/_trace.html.erb (2.0ms)
  Rendered /home/lfu/.rvm/gems/ruby-2.2.1/gems/actionpack-4.2.1/lib/action_dispatch/middleware/templates/rescues/_request_and_response.html.erb (0.6ms)
  Rendered /home/lfu/.rvm/gems/ruby-2.2.1/gems/actionpack-4.2.1/lib/action_dispatch/middleware/templates/rescues/template_error.html.erb within rescues/layout (18.9ms)
  Rendered /home/lfu/.rvm/gems/ruby-2.2.1/gems/web-console-2.2.1/lib/web_console/templates/_markup.html.erb (0.2ms)
  Rendered /home/lfu/.rvm/gems/ruby-2.2.1/gems/web-console-2.2.1/lib/web_console/templates/_inner_console_markup.html.erb within layouts/inlined_string (0.2ms)
  Rendered /home/lfu/.rvm/gems/ruby-2.2.1/gems/web-console-2.2.1/lib/web_console/templates/_prompt_box_markup.html.erb within layouts/inlined_string (0.3ms)
  Rendered /home/lfu/.rvm/gems/ruby-2.2.1/gems/web-console-2.2.1/lib/web_console/templates/style.css.erb within layouts/inlined_string (0.3ms)
  Rendered /home/lfu/.rvm/gems/ruby-2.2.1/gems/web-console-2.2.1/lib/web_console/templates/console.js.erb within layouts/javascript (12.4ms)
  Rendered /home/lfu/.rvm/gems/ruby-2.2.1/gems/web-console-2.2.1/lib/web_console/templates/main.js.erb within layouts/javascript (0.2ms)
  Rendered /home/lfu/.rvm/gems/ruby-2.2.1/gems/web-console-2.2.1/lib/web_console/templates/error_page.js.erb within layouts/javascript (0.3ms)
  Rendered /home/lfu/.rvm/gems/ruby-2.2.1/gems/web-console-2.2.1/lib/web_console/templates/index.html.erb (25.5ms)


Started GET "/" for 127.0.0.1 at 2015-10-14 17:31:00 -0700
Processing by WelcomeController#index as HTML
  Rendered welcome/index.html.erb within layouts/application (48.9ms)
Completed 200 OK in 841ms (Views: 840.2ms | ActiveRecord: 0.0ms)


Started GET "/assets/welcome.self-e3b0c44298fc1c149afbf4c8996fb92427ae41e4649b934ca495991b7852b855.css?body=1" for 127.0.0.1 at 2015-10-14 17:31:01 -0700


Started GET "/assets/application.self-e80e8f2318043e8af94dddc2adad5a4f09739a8ebb323b3ab31cd71d45fd9113.css?body=1" for 127.0.0.1 at 2015-10-14 17:31:01 -0700


Started GET "/assets/jquery.self-a714331225dda820228db323939889f149aec0127aeb06255646b616ba1ca419.js?body=1" for 127.0.0.1 at 2015-10-14 17:31:01 -0700


Started GET "/assets/jquery_ujs.self-d456baa54c1fa6be2ec3711f0a72ddf7a5b2f34a6b4f515f33767d6207b7d4b3.js?body=1" for 127.0.0.1 at 2015-10-14 17:31:01 -0700


Started GET "/assets/welcome.self-877aef30ae1b040ab8a3aba4e3e309a11d7f2612f44dde450b5c157aa5f95c05.js?body=1" for 127.0.0.1 at 2015-10-14 17:31:01 -0700


Started GET "/assets/application.self-3b8dabdc891efe46b9a144b400ad69e37d7e5876bdc39dee783419a69d7ca819.js?body=1" for 127.0.0.1 at 2015-10-14 17:31:01 -0700


Started GET "/assets/turbolinks.self-c37727e9bd6b2735da5c311aa83fead54ed0be6cc8bd9a65309e9c5abe2cbfff.js?body=1" for 127.0.0.1 at 2015-10-14 17:31:01 -0700


Started GET "/" for 127.0.0.1 at 2015-10-14 17:33:24 -0700
Processing by WelcomeController#index as HTML
  Rendered welcome/index.html.erb within layouts/application (1.0ms)
Completed 500 Internal Server Error in 3ms (ActiveRecord: 0.0ms)

SyntaxError (/home/lfu/projects/pubs-portal/app/views/welcome/index.html.erb:5: syntax error, unexpected keyword_class, expecting ')'
...label_tag :email, "Email" class: "sr-only" );@output_buffer....
...                               ^
/home/lfu/projects/pubs-portal/app/views/welcome/index.html.erb:9: syntax error, unexpected keyword_class, expecting ')'
...tag :password, "Password" class: "sr-only" );@output_buffer....
...                               ^):
  app/views/welcome/index.html.erb:5: syntax error, unexpected keyword_class, expecting ')'
  app/views/welcome/index.html.erb:9: syntax error, unexpected keyword_class, expecting ')'


  Rendered /home/lfu/.rvm/gems/ruby-2.2.1/gems/actionpack-4.2.1/lib/action_dispatch/middleware/templates/rescues/_source.erb (9.0ms)
  Rendered /home/lfu/.rvm/gems/ruby-2.2.1/gems/actionpack-4.2.1/lib/action_dispatch/middleware/templates/rescues/_trace.html.erb (2.2ms)
  Rendered /home/lfu/.rvm/gems/ruby-2.2.1/gems/actionpack-4.2.1/lib/action_dispatch/middleware/templates/rescues/_request_and_response.html.erb (0.6ms)
  Rendered /home/lfu/.rvm/gems/ruby-2.2.1/gems/actionpack-4.2.1/lib/action_dispatch/middleware/templates/rescues/diagnostics.html.erb within rescues/layout (22.3ms)
  Rendered /home/lfu/.rvm/gems/ruby-2.2.1/gems/web-console-2.2.1/lib/web_console/templates/_markup.html.erb (0.2ms)
  Rendered /home/lfu/.rvm/gems/ruby-2.2.1/gems/web-console-2.2.1/lib/web_console/templates/_inner_console_markup.html.erb within layouts/inlined_string (0.2ms)
  Rendered /home/lfu/.rvm/gems/ruby-2.2.1/gems/web-console-2.2.1/lib/web_console/templates/_prompt_box_markup.html.erb within layouts/inlined_string (0.2ms)
  Rendered /home/lfu/.rvm/gems/ruby-2.2.1/gems/web-console-2.2.1/lib/web_console/templates/style.css.erb within layouts/inlined_string (0.3ms)
  Rendered /home/lfu/.rvm/gems/ruby-2.2.1/gems/web-console-2.2.1/lib/web_console/templates/console.js.erb within layouts/javascript (12.3ms)
  Rendered /home/lfu/.rvm/gems/ruby-2.2.1/gems/web-console-2.2.1/lib/web_console/templates/main.js.erb within layouts/javascript (0.2ms)
  Rendered /home/lfu/.rvm/gems/ruby-2.2.1/gems/web-console-2.2.1/lib/web_console/templates/error_page.js.erb within layouts/javascript (0.2ms)
  Rendered /home/lfu/.rvm/gems/ruby-2.2.1/gems/web-console-2.2.1/lib/web_console/templates/index.html.erb (24.6ms)


Started GET "/" for 127.0.0.1 at 2015-10-14 17:33:33 -0700
Processing by WelcomeController#index as HTML
  Rendered welcome/index.html.erb within layouts/application (3.5ms)
Completed 200 OK in 30ms (Views: 28.6ms | ActiveRecord: 0.0ms)


Started GET "/assets/welcome.self-e3b0c44298fc1c149afbf4c8996fb92427ae41e4649b934ca495991b7852b855.css?body=1" for 127.0.0.1 at 2015-10-14 17:33:33 -0700


Started GET "/assets/application.self-e80e8f2318043e8af94dddc2adad5a4f09739a8ebb323b3ab31cd71d45fd9113.css?body=1" for 127.0.0.1 at 2015-10-14 17:33:33 -0700


Started GET "/assets/jquery_ujs.self-d456baa54c1fa6be2ec3711f0a72ddf7a5b2f34a6b4f515f33767d6207b7d4b3.js?body=1" for 127.0.0.1 at 2015-10-14 17:33:33 -0700


Started GET "/assets/turbolinks.self-c37727e9bd6b2735da5c311aa83fead54ed0be6cc8bd9a65309e9c5abe2cbfff.js?body=1" for 127.0.0.1 at 2015-10-14 17:33:33 -0700


Started GET "/assets/jquery.self-a714331225dda820228db323939889f149aec0127aeb06255646b616ba1ca419.js?body=1" for 127.0.0.1 at 2015-10-14 17:33:33 -0700


Started GET "/assets/welcome.self-877aef30ae1b040ab8a3aba4e3e309a11d7f2612f44dde450b5c157aa5f95c05.js?body=1" for 127.0.0.1 at 2015-10-14 17:33:33 -0700


Started GET "/assets/application.self-3b8dabdc891efe46b9a144b400ad69e37d7e5876bdc39dee783419a69d7ca819.js?body=1" for 127.0.0.1 at 2015-10-14 17:33:33 -0700


Started GET "/" for 127.0.0.1 at 2015-10-14 17:35:31 -0700
Processing by WelcomeController#index as HTML
  Rendered welcome/index.html.erb within layouts/application (0.9ms)
Completed 200 OK in 27ms (Views: 26.6ms | ActiveRecord: 0.0ms)


Started GET "/assets/welcome.self-e3b0c44298fc1c149afbf4c8996fb92427ae41e4649b934ca495991b7852b855.css?body=1" for 127.0.0.1 at 2015-10-14 17:35:31 -0700


Started GET "/assets/application.self-e80e8f2318043e8af94dddc2adad5a4f09739a8ebb323b3ab31cd71d45fd9113.css?body=1" for 127.0.0.1 at 2015-10-14 17:35:31 -0700


Started GET "/assets/jquery.self-a714331225dda820228db323939889f149aec0127aeb06255646b616ba1ca419.js?body=1" for 127.0.0.1 at 2015-10-14 17:35:31 -0700


Started GET "/assets/turbolinks.self-c37727e9bd6b2735da5c311aa83fead54ed0be6cc8bd9a65309e9c5abe2cbfff.js?body=1" for 127.0.0.1 at 2015-10-14 17:35:31 -0700


Started GET "/assets/welcome.self-877aef30ae1b040ab8a3aba4e3e309a11d7f2612f44dde450b5c157aa5f95c05.js?body=1" for 127.0.0.1 at 2015-10-14 17:35:31 -0700


Started GET "/assets/jquery_ujs.self-d456baa54c1fa6be2ec3711f0a72ddf7a5b2f34a6b4f515f33767d6207b7d4b3.js?body=1" for 127.0.0.1 at 2015-10-14 17:35:31 -0700


Started GET "/assets/application.self-3b8dabdc891efe46b9a144b400ad69e37d7e5876bdc39dee783419a69d7ca819.js?body=1" for 127.0.0.1 at 2015-10-14 17:35:31 -0700


Started POST "/sign_in" for 127.0.0.1 at 2015-10-14 17:35:59 -0700
Processing by SessionsController#create as HTML
  Parameters: {"utf8"=>"✓", "authenticity_token"=>"IuvfMM0KNPXL1Vdu+xzPusQxrbki5zemvbvbxZxBESjSZdgX2DGBm+GEi8mcl+z5njpjhggXXgDjTAHbuP/uoA==", "user"=>{"email"=>""}, "password"=>"[FILTERED]", "commit"=>"Sign In"}
  [1m[35mUser Load (0.2ms)[0m  SELECT  "users".* FROM "users" WHERE "users"."email" = $1 LIMIT 1  [["email", ""]]
Completed 401 Unauthorized in 14ms (Views: 2.1ms | ActiveRecord: 1.0ms)
  [1m[36mActiveRecord::SchemaMigration Load (0.2ms)[0m  [1mSELECT "schema_migrations".* FROM "schema_migrations"[0m
  [1m[36mActiveRecord::SchemaMigration Load (0.3ms)[0m  [1mSELECT "schema_migrations".* FROM "schema_migrations"[0m
  [1m[35m (0.1ms)[0m  BEGIN
  [1m[36mSQL (0.4ms)[0m  [1mINSERT INTO "users" ("email", "password_digest", "first_name", "last_name", "created_at", "updated_at") VALUES ($1, $2, $3, $4, $5, $6) RETURNING "id"[0m  [["email", "test1@test.com"], ["password_digest", "$2a$10$ZLS6FBIri571a5glKs/uYO2ZwHH6d/5N/G.0TEHSAosLDP0KLj2lC"], ["first_name", "Test"], ["last_name", "1"], ["created_at", "2015-10-15 00:37:26.916689"], ["updated_at", "2015-10-15 00:37:26.916689"]]
  [1m[35m (16.0ms)[0m  COMMIT
  [1m[36m (0.1ms)[0m  [1mBEGIN[0m
  [1m[35mSQL (0.2ms)[0m  INSERT INTO "users" ("email", "password_digest", "first_name", "last_name", "created_at", "updated_at") VALUES ($1, $2, $3, $4, $5, $6) RETURNING "id"  [["email", "test2@test.com"], ["password_digest", "$2a$10$nwJ705RG6XJ9W1OAW5S/euKhw73qUd2bQb7/JIIJjXF07NlwPjr0."], ["first_name", "Test"], ["last_name", "2"], ["created_at", "2015-10-15 00:37:27.003784"], ["updated_at", "2015-10-15 00:37:27.003784"]]
  [1m[36m (6.0ms)[0m  [1mCOMMIT[0m
  [1m[35m (0.1ms)[0m  BEGIN
  [1m[36mSQL (0.2ms)[0m  [1mINSERT INTO "users" ("email", "password_digest", "first_name", "last_name", "created_at", "updated_at") VALUES ($1, $2, $3, $4, $5, $6) RETURNING "id"[0m  [["email", "test3@test.com"], ["password_digest", "$2a$10$EI0uMVKGu5YHGbvNxMHTVOSI8Bwu2ULGe2vsMt0d8VGAApgWhEBLq"], ["first_name", "Test"], ["last_name", "3"], ["created_at", "2015-10-15 00:37:27.081102"], ["updated_at", "2015-10-15 00:37:27.081102"]]
  [1m[35m (3.7ms)[0m  COMMIT
  [1m[36m (0.1ms)[0m  [1mBEGIN[0m
  [1m[35mSQL (0.2ms)[0m  INSERT INTO "users" ("email", "password_digest", "first_name", "last_name", "created_at", "updated_at") VALUES ($1, $2, $3, $4, $5, $6) RETURNING "id"  [["email", "test4@test.com"], ["password_digest", "$2a$10$KRNPcwHGUHFir00j/l7lHurhDnVIX0nF.4ndO.FMdU.eca9Ylz1QG"], ["first_name", "Test"], ["last_name", "4"], ["created_at", "2015-10-15 00:37:27.154207"], ["updated_at", "2015-10-15 00:37:27.154207"]]
  [1m[36m (5.5ms)[0m  [1mCOMMIT[0m
  [1m[35m (0.1ms)[0m  BEGIN
  [1m[36mSQL (0.2ms)[0m  [1mINSERT INTO "users" ("email", "password_digest", "first_name", "last_name", "created_at", "updated_at") VALUES ($1, $2, $3, $4, $5, $6) RETURNING "id"[0m  [["email", "test5@test.com"], ["password_digest", "$2a$10$C5n96nxmEu9J4WeC9VeVce9y3tqpvfQ8Fe4OBXZ1xq.0ezVOmxCAW"], ["first_name", "Test"], ["last_name", "5"], ["created_at", "2015-10-15 00:37:27.226125"], ["updated_at", "2015-10-15 00:37:27.226125"]]
  [1m[35m (8.8ms)[0m  COMMIT


Started POST "/sign_in" for 127.0.0.1 at 2015-10-14 17:37:37 -0700
Processing by SessionsController#create as HTML
  Parameters: {"utf8"=>"✓", "authenticity_token"=>"IuvfMM0KNPXL1Vdu+xzPusQxrbki5zemvbvbxZxBESjSZdgX2DGBm+GEi8mcl+z5njpjhggXXgDjTAHbuP/uoA==", "user"=>{"email"=>"test1@test.com"}, "password"=>"[FILTERED]", "commit"=>"Sign In"}
  [1m[36mUser Load (0.2ms)[0m  [1mSELECT  "users".* FROM "users" WHERE "users"."email" = $1 LIMIT 1[0m  [["email", "test1@test.com"]]
Completed 401 Unauthorized in 71ms (Views: 0.2ms | ActiveRecord: 1.3ms)


Started POST "/sign_in" for 127.0.0.1 at 2015-10-14 17:38:04 -0700
Processing by SessionsController#create as HTML
  Parameters: {"utf8"=>"✓", "authenticity_token"=>"IuvfMM0KNPXL1Vdu+xzPusQxrbki5zemvbvbxZxBESjSZdgX2DGBm+GEi8mcl+z5njpjhggXXgDjTAHbuP/uoA==", "user"=>{"email"=>"test1@test.com"}, "password"=>"[FILTERED]", "commit"=>"Sign In"}
  [1m[35mUser Load (0.8ms)[0m  SELECT  "users".* FROM "users" WHERE "users"."email" = $1 LIMIT 1  [["email", "test1@test.com"]]
Completed 401 Unauthorized in 35098ms (Views: 11.0ms | ActiveRecord: 3.0ms)


Started GET "/" for 127.0.0.1 at 2015-10-14 17:39:03 -0700
Processing by WelcomeController#index as HTML
  Rendered welcome/index.html.erb within layouts/application (4.7ms)
Completed 200 OK in 203ms (Views: 194.5ms | ActiveRecord: 0.0ms)


Started GET "/assets/welcome.self-e3b0c44298fc1c149afbf4c8996fb92427ae41e4649b934ca495991b7852b855.css?body=1" for 127.0.0.1 at 2015-10-14 17:39:04 -0700


Started GET "/assets/application.self-e80e8f2318043e8af94dddc2adad5a4f09739a8ebb323b3ab31cd71d45fd9113.css?body=1" for 127.0.0.1 at 2015-10-14 17:39:04 -0700


Started GET "/assets/jquery_ujs.self-d456baa54c1fa6be2ec3711f0a72ddf7a5b2f34a6b4f515f33767d6207b7d4b3.js?body=1" for 127.0.0.1 at 2015-10-14 17:39:04 -0700


Started GET "/assets/turbolinks.self-c37727e9bd6b2735da5c311aa83fead54ed0be6cc8bd9a65309e9c5abe2cbfff.js?body=1" for 127.0.0.1 at 2015-10-14 17:39:04 -0700


Started GET "/assets/jquery.self-a714331225dda820228db323939889f149aec0127aeb06255646b616ba1ca419.js?body=1" for 127.0.0.1 at 2015-10-14 17:39:04 -0700


Started GET "/assets/welcome.self-877aef30ae1b040ab8a3aba4e3e309a11d7f2612f44dde450b5c157aa5f95c05.js?body=1" for 127.0.0.1 at 2015-10-14 17:39:04 -0700


Started GET "/assets/application.self-3b8dabdc891efe46b9a144b400ad69e37d7e5876bdc39dee783419a69d7ca819.js?body=1" for 127.0.0.1 at 2015-10-14 17:39:04 -0700


Started POST "/sign_in" for 127.0.0.1 at 2015-10-14 17:39:15 -0700
Processing by SessionsController#create as HTML
  Parameters: {"utf8"=>"✓", "authenticity_token"=>"vpT1BEqyWyr9qwOu2gjRdMMmHzJE0u15P8wJeQinksROGvIjX4nuRNf63wm9g/I3mS3RDW4ihN9hO9NnLBltTA==", "user"=>{"email"=>"test1@test.com", "password"=>"[FILTERED]"}, "commit"=>"Sign In"}
  [1m[36mUser Load (1.7ms)[0m  [1mSELECT  "users".* FROM "users" WHERE "users"."email" = $1 LIMIT 1[0m  [["email", "test1@test.com"]]
  [1m[35m (0.4ms)[0m  BEGIN
  [1m[36mSQL (1.0ms)[0m  [1mINSERT INTO "authentication_tokens" ("last_used_at", "ip_address", "user_agent", "user_id", "created_at", "updated_at", "body") VALUES ($1, $2, $3, $4, $5, $6, $7) RETURNING "id"[0m  [["last_used_at", "2015-10-15 00:40:13.394207"], ["ip_address", "127.0.0.1"], ["user_agent", "Mozilla/5.0 (X11; Ubuntu; Linux i686; rv:40.0) Gecko/20100101 Firefox/40.0"], ["user_id", 1], ["created_at", "2015-10-15 00:40:13.470600"], ["updated_at", "2015-10-15 00:40:13.470600"], ["body", "t5DvYMdpJSKA6SowxqXkuEjm"]]
  [1m[35m (11.0ms)[0m  COMMIT
Completed 200 OK in 57988ms (Views: 8.8ms | ActiveRecord: 21.0ms)
  [1m[36mUser Load (0.5ms)[0m  [1mSELECT  "users".* FROM "users"  ORDER BY "users"."id" ASC LIMIT 1[0m
  [1m[35mUser Load (0.9ms)[0m  SELECT  "users".* FROM "users"  ORDER BY "users"."id" ASC LIMIT 1
  [1m[36mUser Load (0.8ms)[0m  [1mSELECT  "users".* FROM "users"  ORDER BY "users"."id" ASC LIMIT 1[0m
  [1m[35mAuthenticationToken Load (0.1ms)[0m  SELECT "authentication_tokens".* FROM "authentication_tokens" WHERE "authentication_tokens"."user_id" = $1  [["user_id", 1]]


Started GET "/" for 127.0.0.1 at 2015-10-14 19:21:40 -0700
Processing by WelcomeController#index as HTML
  Rendered welcome/index.html.erb within layouts/application (4.5ms)
Completed 500 Internal Server Error in 12ms (ActiveRecord: 0.0ms)

SyntaxError (/home/lfu/projects/pubs-portal/app/views/welcome/index.html.erb:7: syntax error, unexpected '>'
/home/lfu/projects/pubs-portal/app/views/welcome/index.html.erb:21: syntax error, unexpected keyword_ensure, expecting end-of-input):
  app/views/welcome/index.html.erb:7: syntax error, unexpected '>'
  app/views/welcome/index.html.erb:21: syntax error, unexpected keyword_ensure, expecting end-of-input


  Rendered /home/lfu/.rvm/gems/ruby-2.2.1/gems/actionpack-4.2.1/lib/action_dispatch/middleware/templates/rescues/_source.erb (165.8ms)
  Rendered /home/lfu/.rvm/gems/ruby-2.2.1/gems/actionpack-4.2.1/lib/action_dispatch/middleware/templates/rescues/_trace.html.erb (41.6ms)
  Rendered /home/lfu/.rvm/gems/ruby-2.2.1/gems/actionpack-4.2.1/lib/action_dispatch/middleware/templates/rescues/_request_and_response.html.erb (2.8ms)
  Rendered /home/lfu/.rvm/gems/ruby-2.2.1/gems/actionpack-4.2.1/lib/action_dispatch/middleware/templates/rescues/diagnostics.html.erb within rescues/layout (228.7ms)
  Rendered /home/lfu/.rvm/gems/ruby-2.2.1/gems/web-console-2.2.1/lib/web_console/templates/_markup.html.erb (1.0ms)
  Rendered /home/lfu/.rvm/gems/ruby-2.2.1/gems/web-console-2.2.1/lib/web_console/templates/_inner_console_markup.html.erb within layouts/inlined_string (1.0ms)
  Rendered /home/lfu/.rvm/gems/ruby-2.2.1/gems/web-console-2.2.1/lib/web_console/templates/_prompt_box_markup.html.erb within layouts/inlined_string (0.9ms)
  Rendered /home/lfu/.rvm/gems/ruby-2.2.1/gems/web-console-2.2.1/lib/web_console/templates/style.css.erb within layouts/inlined_string (1.0ms)
  Rendered /home/lfu/.rvm/gems/ruby-2.2.1/gems/web-console-2.2.1/lib/web_console/templates/console.js.erb within layouts/javascript (26.3ms)
  Rendered /home/lfu/.rvm/gems/ruby-2.2.1/gems/web-console-2.2.1/lib/web_console/templates/main.js.erb within layouts/javascript (1.0ms)
  Rendered /home/lfu/.rvm/gems/ruby-2.2.1/gems/web-console-2.2.1/lib/web_console/templates/error_page.js.erb within layouts/javascript (1.0ms)
  Rendered /home/lfu/.rvm/gems/ruby-2.2.1/gems/web-console-2.2.1/lib/web_console/templates/index.html.erb (63.5ms)


Started GET "/" for 127.0.0.1 at 2015-10-14 19:21:58 -0700
Processing by WelcomeController#index as HTML
  Rendered welcome/index.html.erb within layouts/application (30.0ms)
Completed 500 Internal Server Error in 38ms (ActiveRecord: 0.0ms)

ActionView::Template::Error (undefined method `logged_in?' for #<#<Class:0xac97d18>:0xb54d8798>):
    2: 
    3: 
    4: 
    5: <% if logged_in? %>
    6: 	<h2> Welcome <%= current_user.first_name %> </h2>
    7: <% else %>
    8: 	<%= form_tag("/sign_in", method: "post") do %>
  app/views/welcome/index.html.erb:5:in `_app_views_welcome_index_html_erb__784920480__625059288'


  Rendered /home/lfu/.rvm/gems/ruby-2.2.1/gems/actionpack-4.2.1/lib/action_dispatch/middleware/templates/rescues/_source.erb (156.4ms)
  Rendered /home/lfu/.rvm/gems/ruby-2.2.1/gems/actionpack-4.2.1/lib/action_dispatch/middleware/templates/rescues/_trace.html.erb (33.6ms)
  Rendered /home/lfu/.rvm/gems/ruby-2.2.1/gems/actionpack-4.2.1/lib/action_dispatch/middleware/templates/rescues/_request_and_response.html.erb (3.1ms)
  Rendered /home/lfu/.rvm/gems/ruby-2.2.1/gems/actionpack-4.2.1/lib/action_dispatch/middleware/templates/rescues/template_error.html.erb within rescues/layout (210.9ms)
  Rendered /home/lfu/.rvm/gems/ruby-2.2.1/gems/web-console-2.2.1/lib/web_console/templates/_markup.html.erb (1.2ms)
  Rendered /home/lfu/.rvm/gems/ruby-2.2.1/gems/web-console-2.2.1/lib/web_console/templates/_inner_console_markup.html.erb within layouts/inlined_string (0.8ms)
  Rendered /home/lfu/.rvm/gems/ruby-2.2.1/gems/web-console-2.2.1/lib/web_console/templates/_prompt_box_markup.html.erb within layouts/inlined_string (1.1ms)
  Rendered /home/lfu/.rvm/gems/ruby-2.2.1/gems/web-console-2.2.1/lib/web_console/templates/style.css.erb within layouts/inlined_string (0.9ms)
  Rendered /home/lfu/.rvm/gems/ruby-2.2.1/gems/web-console-2.2.1/lib/web_console/templates/console.js.erb within layouts/javascript (31.3ms)
  Rendered /home/lfu/.rvm/gems/ruby-2.2.1/gems/web-console-2.2.1/lib/web_console/templates/main.js.erb within layouts/javascript (0.8ms)
  Rendered /home/lfu/.rvm/gems/ruby-2.2.1/gems/web-console-2.2.1/lib/web_console/templates/error_page.js.erb within layouts/javascript (0.9ms)
  Rendered /home/lfu/.rvm/gems/ruby-2.2.1/gems/web-console-2.2.1/lib/web_console/templates/index.html.erb (57.9ms)


Started PUT "/console/repl_sessions/884c16e59b9e87ffec1d601fa8dc619d" for 127.0.0.1 at 2015-10-14 19:22:31 -0700


Started PUT "/console/repl_sessions/884c16e59b9e87ffec1d601fa8dc619d" for 127.0.0.1 at 2015-10-14 19:22:34 -0700


Started PUT "/console/repl_sessions/884c16e59b9e87ffec1d601fa8dc619d" for 127.0.0.1 at 2015-10-14 19:23:25 -0700


Started PUT "/console/repl_sessions/884c16e59b9e87ffec1d601fa8dc619d" for 127.0.0.1 at 2015-10-14 19:23:28 -0700


Started GET "/" for 127.0.0.1 at 2015-10-14 19:23:45 -0700
  [1m[36mActiveRecord::SchemaMigration Load (0.2ms)[0m  [1mSELECT "schema_migrations".* FROM "schema_migrations"[0m
Processing by WelcomeController#index as HTML
  Rendered welcome/index.html.erb within layouts/application (9.2ms)
Completed 500 Internal Server Error in 26ms (ActiveRecord: 0.0ms)

ActionView::Template::Error (undefined method `logged_in?' for #<#<Class:0xb5a3b21c>:0xb5a3ad58>):
    2: 
    3: 
    4: 
    5: <% if logged_in? %>
    6: 	<h2> Welcome <%= current_user.first_name %> </h2>
    7: <% else %>
    8: 	<%= form_tag("/sign_in", method: "post") do %>
  app/views/welcome/index.html.erb:5:in `_app_views_welcome_index_html_erb__244730510_85508720'


  Rendered /home/lfu/.rvm/gems/ruby-2.2.1/gems/actionpack-4.2.1/lib/action_dispatch/middleware/templates/rescues/_source.erb (4.5ms)
  Rendered /home/lfu/.rvm/gems/ruby-2.2.1/gems/actionpack-4.2.1/lib/action_dispatch/middleware/templates/rescues/_trace.html.erb (1.7ms)
  Rendered /home/lfu/.rvm/gems/ruby-2.2.1/gems/actionpack-4.2.1/lib/action_dispatch/middleware/templates/rescues/_request_and_response.html.erb (0.6ms)
  Rendered /home/lfu/.rvm/gems/ruby-2.2.1/gems/actionpack-4.2.1/lib/action_dispatch/middleware/templates/rescues/template_error.html.erb within rescues/layout (17.2ms)
  Rendered /home/lfu/.rvm/gems/ruby-2.2.1/gems/web-console-2.2.1/lib/web_console/templates/_markup.html.erb (0.2ms)
  Rendered /home/lfu/.rvm/gems/ruby-2.2.1/gems/web-console-2.2.1/lib/web_console/templates/_inner_console_markup.html.erb within layouts/inlined_string (0.2ms)
  Rendered /home/lfu/.rvm/gems/ruby-2.2.1/gems/web-console-2.2.1/lib/web_console/templates/_prompt_box_markup.html.erb within layouts/inlined_string (0.2ms)
  Rendered /home/lfu/.rvm/gems/ruby-2.2.1/gems/web-console-2.2.1/lib/web_console/templates/style.css.erb within layouts/inlined_string (0.2ms)
  Rendered /home/lfu/.rvm/gems/ruby-2.2.1/gems/web-console-2.2.1/lib/web_console/templates/console.js.erb within layouts/javascript (12.5ms)
  Rendered /home/lfu/.rvm/gems/ruby-2.2.1/gems/web-console-2.2.1/lib/web_console/templates/main.js.erb within layouts/javascript (0.2ms)
  Rendered /home/lfu/.rvm/gems/ruby-2.2.1/gems/web-console-2.2.1/lib/web_console/templates/error_page.js.erb within layouts/javascript (0.2ms)
  Rendered /home/lfu/.rvm/gems/ruby-2.2.1/gems/web-console-2.2.1/lib/web_console/templates/index.html.erb (26.6ms)


Started GET "/" for 127.0.0.1 at 2015-10-14 19:24:02 -0700
Processing by WelcomeController#index as HTML
  Rendered welcome/index.html.erb within layouts/application (4.0ms)
Completed 200 OK in 147ms (Views: 146.3ms | ActiveRecord: 0.0ms)


Started GET "/assets/welcome.self-e3b0c44298fc1c149afbf4c8996fb92427ae41e4649b934ca495991b7852b855.css?body=1" for 127.0.0.1 at 2015-10-14 19:24:02 -0700


Started GET "/assets/application.self-e80e8f2318043e8af94dddc2adad5a4f09739a8ebb323b3ab31cd71d45fd9113.css?body=1" for 127.0.0.1 at 2015-10-14 19:24:02 -0700


Started GET "/assets/jquery.self-a714331225dda820228db323939889f149aec0127aeb06255646b616ba1ca419.js?body=1" for 127.0.0.1 at 2015-10-14 19:24:02 -0700


Started GET "/assets/jquery_ujs.self-d456baa54c1fa6be2ec3711f0a72ddf7a5b2f34a6b4f515f33767d6207b7d4b3.js?body=1" for 127.0.0.1 at 2015-10-14 19:24:02 -0700


Started GET "/assets/turbolinks.self-c37727e9bd6b2735da5c311aa83fead54ed0be6cc8bd9a65309e9c5abe2cbfff.js?body=1" for 127.0.0.1 at 2015-10-14 19:24:02 -0700


Started GET "/assets/welcome.self-877aef30ae1b040ab8a3aba4e3e309a11d7f2612f44dde450b5c157aa5f95c05.js?body=1" for 127.0.0.1 at 2015-10-14 19:24:02 -0700


Started GET "/assets/application.self-3b8dabdc891efe46b9a144b400ad69e37d7e5876bdc39dee783419a69d7ca819.js?body=1" for 127.0.0.1 at 2015-10-14 19:24:02 -0700


Started POST "/sign_in" for 127.0.0.1 at 2015-10-14 19:29:45 -0700

SyntaxError (/home/lfu/projects/pubs-portal/app/controllers/concerns/sessions_controller.rb:15: syntax error, unexpected keyword_else, expecting keyword_end
/home/lfu/projects/pubs-portal/app/controllers/concerns/sessions_controller.rb:38: syntax error, unexpected end-of-input, expecting keyword_end):
  app/controllers/concerns/sessions_controller.rb:15: syntax error, unexpected keyword_else, expecting keyword_end
  app/controllers/concerns/sessions_controller.rb:38: syntax error, unexpected end-of-input, expecting keyword_end


  Rendered /home/lfu/.rvm/gems/ruby-2.2.1/gems/actionpack-4.2.1/lib/action_dispatch/middleware/templates/rescues/_source.erb (2.9ms)
  Rendered /home/lfu/.rvm/gems/ruby-2.2.1/gems/actionpack-4.2.1/lib/action_dispatch/middleware/templates/rescues/_trace.html.erb (1.3ms)
  Rendered /home/lfu/.rvm/gems/ruby-2.2.1/gems/actionpack-4.2.1/lib/action_dispatch/middleware/templates/rescues/_request_and_response.html.erb (0.9ms)
  Rendered /home/lfu/.rvm/gems/ruby-2.2.1/gems/actionpack-4.2.1/lib/action_dispatch/middleware/templates/rescues/diagnostics.html.erb within rescues/layout (15.6ms)
  Rendered /home/lfu/.rvm/gems/ruby-2.2.1/gems/web-console-2.2.1/lib/web_console/templates/_markup.html.erb (0.2ms)
  Rendered /home/lfu/.rvm/gems/ruby-2.2.1/gems/web-console-2.2.1/lib/web_console/templates/_inner_console_markup.html.erb within layouts/inlined_string (0.2ms)
  Rendered /home/lfu/.rvm/gems/ruby-2.2.1/gems/web-console-2.2.1/lib/web_console/templates/_prompt_box_markup.html.erb within layouts/inlined_string (0.2ms)
  Rendered /home/lfu/.rvm/gems/ruby-2.2.1/gems/web-console-2.2.1/lib/web_console/templates/style.css.erb within layouts/inlined_string (0.2ms)
  Rendered /home/lfu/.rvm/gems/ruby-2.2.1/gems/web-console-2.2.1/lib/web_console/templates/console.js.erb within layouts/javascript (12.7ms)
  Rendered /home/lfu/.rvm/gems/ruby-2.2.1/gems/web-console-2.2.1/lib/web_console/templates/main.js.erb within layouts/javascript (0.2ms)
  Rendered /home/lfu/.rvm/gems/ruby-2.2.1/gems/web-console-2.2.1/lib/web_console/templates/error_page.js.erb within layouts/javascript (0.2ms)
  Rendered /home/lfu/.rvm/gems/ruby-2.2.1/gems/web-console-2.2.1/lib/web_console/templates/index.html.erb (25.3ms)


Started POST "/sign_in" for 127.0.0.1 at 2015-10-14 19:30:13 -0700
Processing by SessionsController#create as HTML
  Parameters: {"utf8"=>"✓", "authenticity_token"=>"IdnZ4uTtBeeuw2Ao58+5ZJaq0ZIvyWT8+Sr203iulcfRV97F8dawiYSSvI+ARJonzKEfrQU5DVqn3SzNXBBqTw==", "user"=>{"email"=>"test1@test.com", "password"=>"[FILTERED]"}, "commit"=>"Sign In"}
  [1m[35mUser Load (0.2ms)[0m  SELECT  "users".* FROM "users" WHERE "users"."email" = $1 LIMIT 1  [["email", "test1@test.com"]]
  [1m[36m (0.1ms)[0m  [1mBEGIN[0m
  [1m[35mSQL (0.4ms)[0m  INSERT INTO "authentication_tokens" ("last_used_at", "ip_address", "user_agent", "user_id", "created_at", "updated_at", "body") VALUES ($1, $2, $3, $4, $5, $6, $7) RETURNING "id"  [["last_used_at", "2015-10-15 02:30:13.575101"], ["ip_address", "127.0.0.1"], ["user_agent", "Mozilla/5.0 (X11; Ubuntu; Linux i686; rv:40.0) Gecko/20100101 Firefox/40.0"], ["user_id", 1], ["created_at", "2015-10-15 02:30:13.582749"], ["updated_at", "2015-10-15 02:30:13.582749"], ["body", "wY16hNngKyqGUp8UhQtcDrkh"]]
  [1m[36m (74.4ms)[0m  [1mCOMMIT[0m
Redirected to http://localhost:3000/
Completed 302 Found in 176ms (ActiveRecord: 77.9ms)


Started GET "/" for 127.0.0.1 at 2015-10-14 19:30:13 -0700
Processing by WelcomeController#index as HTML
  Rendered welcome/index.html.erb within layouts/application (0.4ms)
Completed 200 OK in 18ms (Views: 18.0ms | ActiveRecord: 0.0ms)
  [1m[36mUser Load (0.5ms)[0m  [1mSELECT  "users".* FROM "users"  ORDER BY "users"."id" ASC LIMIT 1[0m
  [1m[35mAuthenticationToken Load (0.2ms)[0m  SELECT "authentication_tokens".* FROM "authentication_tokens" WHERE "authentication_tokens"."user_id" = $1  [["user_id", 1]]


Started GET "/" for 127.0.0.1 at 2015-10-14 19:35:46 -0700
Processing by WelcomeController#index as HTML
  Rendered welcome/index.html.erb within layouts/application (132424.3ms)
Completed 200 OK in 132606ms (Views: 132605.5ms | ActiveRecord: 0.0ms)


Started GET "/assets/welcome.self-e3b0c44298fc1c149afbf4c8996fb92427ae41e4649b934ca495991b7852b855.css?body=1" for 127.0.0.1 at 2015-10-14 19:37:59 -0700


Started GET "/assets/jquery.self-a714331225dda820228db323939889f149aec0127aeb06255646b616ba1ca419.js?body=1" for 127.0.0.1 at 2015-10-14 19:37:59 -0700


Started GET "/assets/application.self-e80e8f2318043e8af94dddc2adad5a4f09739a8ebb323b3ab31cd71d45fd9113.css?body=1" for 127.0.0.1 at 2015-10-14 19:37:59 -0700


Started GET "/assets/jquery_ujs.self-d456baa54c1fa6be2ec3711f0a72ddf7a5b2f34a6b4f515f33767d6207b7d4b3.js?body=1" for 127.0.0.1 at 2015-10-14 19:37:59 -0700


Started GET "/assets/application.self-3b8dabdc891efe46b9a144b400ad69e37d7e5876bdc39dee783419a69d7ca819.js?body=1" for 127.0.0.1 at 2015-10-14 19:37:59 -0700


Started GET "/assets/turbolinks.self-c37727e9bd6b2735da5c311aa83fead54ed0be6cc8bd9a65309e9c5abe2cbfff.js?body=1" for 127.0.0.1 at 2015-10-14 19:37:59 -0700


Started GET "/assets/welcome.self-877aef30ae1b040ab8a3aba4e3e309a11d7f2612f44dde450b5c157aa5f95c05.js?body=1" for 127.0.0.1 at 2015-10-14 19:37:59 -0700


Started GET "/" for 127.0.0.1 at 2015-10-14 19:42:08 -0700
Processing by WelcomeController#index as HTML
  Rendered welcome/index.html.erb within layouts/application (438434.5ms)
Completed 200 OK in 438625ms (Views: 438622.5ms | ActiveRecord: 0.0ms)


Started GET "/assets/welcome.self-e3b0c44298fc1c149afbf4c8996fb92427ae41e4649b934ca495991b7852b855.css?body=1" for 127.0.0.1 at 2015-10-14 19:49:27 -0700


Started GET "/assets/application.self-e80e8f2318043e8af94dddc2adad5a4f09739a8ebb323b3ab31cd71d45fd9113.css?body=1" for 127.0.0.1 at 2015-10-14 19:49:27 -0700


Started GET "/assets/jquery.self-a714331225dda820228db323939889f149aec0127aeb06255646b616ba1ca419.js?body=1" for 127.0.0.1 at 2015-10-14 19:49:27 -0700


Started GET "/assets/jquery_ujs.self-d456baa54c1fa6be2ec3711f0a72ddf7a5b2f34a6b4f515f33767d6207b7d4b3.js?body=1" for 127.0.0.1 at 2015-10-14 19:49:27 -0700


Started GET "/assets/turbolinks.self-c37727e9bd6b2735da5c311aa83fead54ed0be6cc8bd9a65309e9c5abe2cbfff.js?body=1" for 127.0.0.1 at 2015-10-14 19:49:28 -0700


Started GET "/assets/welcome.self-877aef30ae1b040ab8a3aba4e3e309a11d7f2612f44dde450b5c157aa5f95c05.js?body=1" for 127.0.0.1 at 2015-10-14 19:49:28 -0700


Started GET "/assets/application.self-3b8dabdc891efe46b9a144b400ad69e37d7e5876bdc39dee783419a69d7ca819.js?body=1" for 127.0.0.1 at 2015-10-14 19:49:28 -0700


Started GET "/" for 127.0.0.1 at 2015-10-14 19:49:36 -0700
Processing by WelcomeController#index as HTML
  Rendered welcome/index.html.erb within layouts/application (15557.9ms)
Completed 200 OK in 15931ms (Views: 15920.4ms | ActiveRecord: 0.0ms)


Started GET "/assets/welcome.self-e3b0c44298fc1c149afbf4c8996fb92427ae41e4649b934ca495991b7852b855.css?body=1" for 127.0.0.1 at 2015-10-14 19:49:52 -0700


Started GET "/assets/jquery_ujs.self-d456baa54c1fa6be2ec3711f0a72ddf7a5b2f34a6b4f515f33767d6207b7d4b3.js?body=1" for 127.0.0.1 at 2015-10-14 19:49:52 -0700


Started GET "/assets/application.self-e80e8f2318043e8af94dddc2adad5a4f09739a8ebb323b3ab31cd71d45fd9113.css?body=1" for 127.0.0.1 at 2015-10-14 19:49:52 -0700


Started GET "/assets/turbolinks.self-c37727e9bd6b2735da5c311aa83fead54ed0be6cc8bd9a65309e9c5abe2cbfff.js?body=1" for 127.0.0.1 at 2015-10-14 19:49:52 -0700


Started GET "/assets/jquery.self-a714331225dda820228db323939889f149aec0127aeb06255646b616ba1ca419.js?body=1" for 127.0.0.1 at 2015-10-14 19:49:52 -0700


Started GET "/assets/welcome.self-877aef30ae1b040ab8a3aba4e3e309a11d7f2612f44dde450b5c157aa5f95c05.js?body=1" for 127.0.0.1 at 2015-10-14 19:49:52 -0700


Started GET "/assets/application.self-3b8dabdc891efe46b9a144b400ad69e37d7e5876bdc39dee783419a69d7ca819.js?body=1" for 127.0.0.1 at 2015-10-14 19:49:52 -0700


Started GET "/sign_out" for 127.0.0.1 at 2015-10-14 19:55:22 -0700

ActionController::RoutingError (No route matches [GET] "/sign_out"):
  actionpack (4.2.1) lib/action_dispatch/middleware/debug_exceptions.rb:21:in `call'
  web-console (2.2.1) lib/web_console/middleware.rb:39:in `call'
  actionpack (4.2.1) lib/action_dispatch/middleware/show_exceptions.rb:30:in `call'
  railties (4.2.1) lib/rails/rack/logger.rb:38:in `call_app'
  railties (4.2.1) lib/rails/rack/logger.rb:20:in `block in call'
  activesupport (4.2.1) lib/active_support/tagged_logging.rb:68:in `block in tagged'
  activesupport (4.2.1) lib/active_support/tagged_logging.rb:26:in `tagged'
  activesupport (4.2.1) lib/active_support/tagged_logging.rb:68:in `tagged'
  railties (4.2.1) lib/rails/rack/logger.rb:20:in `call'
  actionpack (4.2.1) lib/action_dispatch/middleware/request_id.rb:21:in `call'
  rack (1.6.4) lib/rack/methodoverride.rb:22:in `call'
  rack (1.6.4) lib/rack/runtime.rb:18:in `call'
  activesupport (4.2.1) lib/active_support/cache/strategy/local_cache_middleware.rb:28:in `call'
  rack (1.6.4) lib/rack/lock.rb:17:in `call'
  actionpack (4.2.1) lib/action_dispatch/middleware/static.rb:113:in `call'
  rack (1.6.4) lib/rack/sendfile.rb:113:in `call'
  railties (4.2.1) lib/rails/engine.rb:518:in `call'
  railties (4.2.1) lib/rails/application.rb:164:in `call'
  rack (1.6.4) lib/rack/lock.rb:17:in `call'
  rack (1.6.4) lib/rack/content_length.rb:15:in `call'
  rack (1.6.4) lib/rack/handler/webrick.rb:88:in `service'
  /home/lfu/.rvm/rubies/ruby-2.2.1/lib/ruby/2.2.0/webrick/httpserver.rb:138:in `service'
  /home/lfu/.rvm/rubies/ruby-2.2.1/lib/ruby/2.2.0/webrick/httpserver.rb:94:in `run'
  /home/lfu/.rvm/rubies/ruby-2.2.1/lib/ruby/2.2.0/webrick/server.rb:294:in `block in start_thread'


  Rendered /home/lfu/.rvm/gems/ruby-2.2.1/gems/actionpack-4.2.1/lib/action_dispatch/middleware/templates/rescues/_trace.html.erb (8.5ms)
  Rendered /home/lfu/.rvm/gems/ruby-2.2.1/gems/actionpack-4.2.1/lib/action_dispatch/middleware/templates/routes/_route.html.erb (12.3ms)
  Rendered /home/lfu/.rvm/gems/ruby-2.2.1/gems/actionpack-4.2.1/lib/action_dispatch/middleware/templates/routes/_table.html.erb (10.3ms)
  Rendered /home/lfu/.rvm/gems/ruby-2.2.1/gems/actionpack-4.2.1/lib/action_dispatch/middleware/templates/rescues/_request_and_response.html.erb (4.6ms)
  Rendered /home/lfu/.rvm/gems/ruby-2.2.1/gems/actionpack-4.2.1/lib/action_dispatch/middleware/templates/rescues/routing_error.html.erb within rescues/layout (104.2ms)
  Rendered /home/lfu/.rvm/gems/ruby-2.2.1/gems/web-console-2.2.1/lib/web_console/templates/_markup.html.erb (1.1ms)
  Rendered /home/lfu/.rvm/gems/ruby-2.2.1/gems/web-console-2.2.1/lib/web_console/templates/_inner_console_markup.html.erb within layouts/inlined_string (0.8ms)
  Rendered /home/lfu/.rvm/gems/ruby-2.2.1/gems/web-console-2.2.1/lib/web_console/templates/_prompt_box_markup.html.erb within layouts/inlined_string (1.0ms)
  Rendered /home/lfu/.rvm/gems/ruby-2.2.1/gems/web-console-2.2.1/lib/web_console/templates/style.css.erb within layouts/inlined_string (0.9ms)
  Rendered /home/lfu/.rvm/gems/ruby-2.2.1/gems/web-console-2.2.1/lib/web_console/templates/console.js.erb within layouts/javascript (25.4ms)
  Rendered /home/lfu/.rvm/gems/ruby-2.2.1/gems/web-console-2.2.1/lib/web_console/templates/main.js.erb within layouts/javascript (0.8ms)
  Rendered /home/lfu/.rvm/gems/ruby-2.2.1/gems/web-console-2.2.1/lib/web_console/templates/error_page.js.erb within layouts/javascript (1.0ms)
  Rendered /home/lfu/.rvm/gems/ruby-2.2.1/gems/web-console-2.2.1/lib/web_console/templates/index.html.erb (61.8ms)


Started GET "/sign_out.json" for 127.0.0.1 at 2015-10-14 19:55:37 -0700

ActionController::RoutingError (No route matches [GET] "/sign_out.json"):
  actionpack (4.2.1) lib/action_dispatch/middleware/debug_exceptions.rb:21:in `call'
  web-console (2.2.1) lib/web_console/middleware.rb:39:in `call'
  actionpack (4.2.1) lib/action_dispatch/middleware/show_exceptions.rb:30:in `call'
  railties (4.2.1) lib/rails/rack/logger.rb:38:in `call_app'
  railties (4.2.1) lib/rails/rack/logger.rb:20:in `block in call'
  activesupport (4.2.1) lib/active_support/tagged_logging.rb:68:in `block in tagged'
  activesupport (4.2.1) lib/active_support/tagged_logging.rb:26:in `tagged'
  activesupport (4.2.1) lib/active_support/tagged_logging.rb:68:in `tagged'
  railties (4.2.1) lib/rails/rack/logger.rb:20:in `call'
  actionpack (4.2.1) lib/action_dispatch/middleware/request_id.rb:21:in `call'
  rack (1.6.4) lib/rack/methodoverride.rb:22:in `call'
  rack (1.6.4) lib/rack/runtime.rb:18:in `call'
  activesupport (4.2.1) lib/active_support/cache/strategy/local_cache_middleware.rb:28:in `call'
  rack (1.6.4) lib/rack/lock.rb:17:in `call'
  actionpack (4.2.1) lib/action_dispatch/middleware/static.rb:113:in `call'
  rack (1.6.4) lib/rack/sendfile.rb:113:in `call'
  railties (4.2.1) lib/rails/engine.rb:518:in `call'
  railties (4.2.1) lib/rails/application.rb:164:in `call'
  rack (1.6.4) lib/rack/lock.rb:17:in `call'
  rack (1.6.4) lib/rack/content_length.rb:15:in `call'
  rack (1.6.4) lib/rack/handler/webrick.rb:88:in `service'
  /home/lfu/.rvm/rubies/ruby-2.2.1/lib/ruby/2.2.0/webrick/httpserver.rb:138:in `service'
  /home/lfu/.rvm/rubies/ruby-2.2.1/lib/ruby/2.2.0/webrick/httpserver.rb:94:in `run'
  /home/lfu/.rvm/rubies/ruby-2.2.1/lib/ruby/2.2.0/webrick/server.rb:294:in `block in start_thread'


  Rendered /home/lfu/.rvm/gems/ruby-2.2.1/gems/actionpack-4.2.1/lib/action_dispatch/middleware/templates/rescues/_trace.html.erb (8.4ms)
  Rendered /home/lfu/.rvm/gems/ruby-2.2.1/gems/actionpack-4.2.1/lib/action_dispatch/middleware/templates/routes/_route.html.erb (6.8ms)
  Rendered /home/lfu/.rvm/gems/ruby-2.2.1/gems/actionpack-4.2.1/lib/action_dispatch/middleware/templates/routes/_table.html.erb (4.4ms)
  Rendered /home/lfu/.rvm/gems/ruby-2.2.1/gems/actionpack-4.2.1/lib/action_dispatch/middleware/templates/rescues/_request_and_response.html.erb (4.5ms)
  Rendered /home/lfu/.rvm/gems/ruby-2.2.1/gems/actionpack-4.2.1/lib/action_dispatch/middleware/templates/rescues/routing_error.html.erb within rescues/layout (90.3ms)
  Rendered /home/lfu/.rvm/gems/ruby-2.2.1/gems/web-console-2.2.1/lib/web_console/templates/_markup.html.erb (1.0ms)
  Rendered /home/lfu/.rvm/gems/ruby-2.2.1/gems/web-console-2.2.1/lib/web_console/templates/_inner_console_markup.html.erb within layouts/inlined_string (0.8ms)
  Rendered /home/lfu/.rvm/gems/ruby-2.2.1/gems/web-console-2.2.1/lib/web_console/templates/_prompt_box_markup.html.erb within layouts/inlined_string (1.0ms)
  Rendered /home/lfu/.rvm/gems/ruby-2.2.1/gems/web-console-2.2.1/lib/web_console/templates/style.css.erb within layouts/inlined_string (0.8ms)
  Rendered /home/lfu/.rvm/gems/ruby-2.2.1/gems/web-console-2.2.1/lib/web_console/templates/console.js.erb within layouts/javascript (30.4ms)
  Rendered /home/lfu/.rvm/gems/ruby-2.2.1/gems/web-console-2.2.1/lib/web_console/templates/main.js.erb within layouts/javascript (0.8ms)
  Rendered /home/lfu/.rvm/gems/ruby-2.2.1/gems/web-console-2.2.1/lib/web_console/templates/error_page.js.erb within layouts/javascript (1.0ms)
  Rendered /home/lfu/.rvm/gems/ruby-2.2.1/gems/web-console-2.2.1/lib/web_console/templates/index.html.erb (61.8ms)


Started GET "/" for 127.0.0.1 at 2015-10-14 19:55:48 -0700
Processing by WelcomeController#index as HTML
  Rendered welcome/index.html.erb within layouts/application (13245.0ms)
Completed 200 OK in 13491ms (Views: 13487.5ms | ActiveRecord: 0.0ms)


Started POST "/sign_in" for 127.0.0.1 at 2015-10-14 19:56:11 -0700
Processing by SessionsController#create as HTML
  Parameters: {"utf8"=>"✓", "authenticity_token"=>"2G51ngEFza0RAClhYEhyyLTeFy+SdlzkEbYSQ5DbGN8o4HK5FD54wztR9cYHw1GL7tXZELiGNUJPQchdtGXnVw==", "user"=>{"email"=>"test2@test.com", "password"=>"[FILTERED]"}, "commit"=>"Sign In"}
  [1m[35mUser Load (0.2ms)[0m  SELECT  "users".* FROM "users" WHERE "users"."email" = $1 LIMIT 1  [["email", "test2@test.com"]]
  [1m[36m (0.2ms)[0m  [1mBEGIN[0m
  [1m[35mSQL (0.5ms)[0m  INSERT INTO "authentication_tokens" ("last_used_at", "ip_address", "user_agent", "user_id", "created_at", "updated_at", "body") VALUES ($1, $2, $3, $4, $5, $6, $7) RETURNING "id"  [["last_used_at", "2015-10-15 02:56:11.990958"], ["ip_address", "127.0.0.1"], ["user_agent", "Mozilla/5.0 (X11; Ubuntu; Linux i686; rv:40.0) Gecko/20100101 Firefox/40.0"], ["user_id", 2], ["created_at", "2015-10-15 02:56:12.029899"], ["updated_at", "2015-10-15 02:56:12.029899"], ["body", "qoJKGyiHuvouXFygpitXheca"]]
  [1m[36m (16.3ms)[0m  [1mCOMMIT[0m
Redirected to http://localhost:3000/
Completed 302 Found in 217ms (ActiveRecord: 20.2ms)


Started GET "/" for 127.0.0.1 at 2015-10-14 19:56:12 -0700
Processing by WelcomeController#index as HTML
  Rendered welcome/index.html.erb within layouts/application (21721.2ms)
Completed 500 Internal Server Error in 21731ms (ActiveRecord: 0.0ms)

ActionView::Template::Error (undefined method `first_name' for 2:Fixnum):
    3: 
    4: <% byebug %>
    5: <% if logged_in? %>
    6: 	<h2> Welcome <%= current_user.first_name %> </h2>
    7: <% else %>
    8: 	<%= form_tag("/sign_in", method: "post") do %>
    9: 		<div class="field form-group">
  app/views/welcome/index.html.erb:6:in `_app_views_welcome_index_html_erb__244730510__620411078'


  Rendered /home/lfu/.rvm/gems/ruby-2.2.1/gems/actionpack-4.2.1/lib/action_dispatch/middleware/templates/rescues/_source.erb (163.5ms)
  Rendered /home/lfu/.rvm/gems/ruby-2.2.1/gems/actionpack-4.2.1/lib/action_dispatch/middleware/templates/rescues/_trace.html.erb (32.9ms)
  Rendered /home/lfu/.rvm/gems/ruby-2.2.1/gems/actionpack-4.2.1/lib/action_dispatch/middleware/templates/rescues/_request_and_response.html.erb (3.0ms)
  Rendered /home/lfu/.rvm/gems/ruby-2.2.1/gems/actionpack-4.2.1/lib/action_dispatch/middleware/templates/rescues/template_error.html.erb within rescues/layout (226.9ms)
  Rendered /home/lfu/.rvm/gems/ruby-2.2.1/gems/web-console-2.2.1/lib/web_console/templates/_markup.html.erb (1.1ms)
  Rendered /home/lfu/.rvm/gems/ruby-2.2.1/gems/web-console-2.2.1/lib/web_console/templates/_inner_console_markup.html.erb within layouts/inlined_string (0.9ms)
  Rendered /home/lfu/.rvm/gems/ruby-2.2.1/gems/web-console-2.2.1/lib/web_console/templates/_prompt_box_markup.html.erb within layouts/inlined_string (0.8ms)
  Rendered /home/lfu/.rvm/gems/ruby-2.2.1/gems/web-console-2.2.1/lib/web_console/templates/style.css.erb within layouts/inlined_string (0.9ms)
  Rendered /home/lfu/.rvm/gems/ruby-2.2.1/gems/web-console-2.2.1/lib/web_console/templates/console.js.erb within layouts/javascript (31.0ms)
  Rendered /home/lfu/.rvm/gems/ruby-2.2.1/gems/web-console-2.2.1/lib/web_console/templates/main.js.erb within layouts/javascript (0.8ms)
  Rendered /home/lfu/.rvm/gems/ruby-2.2.1/gems/web-console-2.2.1/lib/web_console/templates/error_page.js.erb within layouts/javascript (0.9ms)
  Rendered /home/lfu/.rvm/gems/ruby-2.2.1/gems/web-console-2.2.1/lib/web_console/templates/index.html.erb (56.8ms)


Started GET "/" for 127.0.0.1 at 2015-10-14 19:56:51 -0700
Processing by WelcomeController#index as HTML
  [1m[35mUser Load (0.3ms)[0m  SELECT  "users".* FROM "users" WHERE "users"."id" = $1 LIMIT 1  [["id", 2]]
  [1m[36mCACHE (0.1ms)[0m  [1mSELECT  "users".* FROM "users" WHERE "users"."id" = $1 LIMIT 1[0m  [["id", 2]]
  Rendered welcome/index.html.erb within layouts/application (3343.8ms)
Completed 200 OK in 3533ms (Views: 3527.9ms | ActiveRecord: 2.1ms)


Started GET "/assets/welcome.self-e3b0c44298fc1c149afbf4c8996fb92427ae41e4649b934ca495991b7852b855.css?body=1" for 127.0.0.1 at 2015-10-14 19:56:55 -0700


Started GET "/assets/application.self-e80e8f2318043e8af94dddc2adad5a4f09739a8ebb323b3ab31cd71d45fd9113.css?body=1" for 127.0.0.1 at 2015-10-14 19:56:55 -0700


Started GET "/assets/jquery.self-a714331225dda820228db323939889f149aec0127aeb06255646b616ba1ca419.js?body=1" for 127.0.0.1 at 2015-10-14 19:56:55 -0700


Started GET "/assets/jquery_ujs.self-d456baa54c1fa6be2ec3711f0a72ddf7a5b2f34a6b4f515f33767d6207b7d4b3.js?body=1" for 127.0.0.1 at 2015-10-14 19:56:55 -0700


Started GET "/assets/turbolinks.self-c37727e9bd6b2735da5c311aa83fead54ed0be6cc8bd9a65309e9c5abe2cbfff.js?body=1" for 127.0.0.1 at 2015-10-14 19:56:55 -0700


Started GET "/assets/application.self-3b8dabdc891efe46b9a144b400ad69e37d7e5876bdc39dee783419a69d7ca819.js?body=1" for 127.0.0.1 at 2015-10-14 19:56:55 -0700


Started GET "/assets/welcome.self-877aef30ae1b040ab8a3aba4e3e309a11d7f2612f44dde450b5c157aa5f95c05.js?body=1" for 127.0.0.1 at 2015-10-14 19:56:55 -0700


Started POST "/sign_in.json" for 127.0.0.1 at 2015-10-14 22:50:41 -0700
Processing by SessionsController#create as JSON
  Parameters: {"user"=>{"email"=>"test3@test.com", "password"=>"[FILTERED]"}, "session"=>{"user"=>{"email"=>"test3@test.com", "password"=>"[FILTERED]"}}}
  [1m[35mUser Load (0.4ms)[0m  SELECT  "users".* FROM "users" WHERE "users"."email" = $1 LIMIT 1  [["email", "test3@test.com"]]
  [1m[36m (0.3ms)[0m  [1mBEGIN[0m
  [1m[35mSQL (5.4ms)[0m  INSERT INTO "authentication_tokens" ("last_used_at", "ip_address", "user_agent", "user_id", "created_at", "updated_at", "body") VALUES ($1, $2, $3, $4, $5, $6, $7) RETURNING "id"  [["last_used_at", "2015-10-15 05:50:41.357495"], ["ip_address", "127.0.0.1"], ["user_agent", "curl/7.22.0 (i686-pc-linux-gnu) libcurl/7.22.0 OpenSSL/1.0.1 zlib/1.2.3.4 libidn/1.23 librtmp/2.3"], ["user_id", 3], ["created_at", "2015-10-15 05:50:41.392578"], ["updated_at", "2015-10-15 05:50:41.392578"], ["body", "tSjuWujKvMDqhZt5qUhjCYmi"]]
  [1m[36m (34.0ms)[0m  [1mCOMMIT[0m
Completed 200 OK in 200ms (Views: 19.8ms | ActiveRecord: 41.2ms)
  [1m[36mUser Load (0.5ms)[0m  [1mSELECT  "users".* FROM "users"  ORDER BY "users"."id" ASC LIMIT 1[0m
  [1m[35mAuthenticationToken Load (0.2ms)[0m  SELECT "authentication_tokens".* FROM "authentication_tokens" WHERE "authentication_tokens"."user_id" = $1  [["user_id", 1]]
  [1m[36mUser Load (0.8ms)[0m  [1mSELECT "users".* FROM "users"[0m
  [1m[35mAuthenticationToken Load (0.4ms)[0m  SELECT "authentication_tokens".* FROM "authentication_tokens" WHERE "authentication_tokens"."user_id" = $1  [["user_id", 2]]


Started DELETE "/sign_out.json" for 127.0.0.1 at 2015-10-14 23:02:56 -0700
Processing by SessionsController#destroy as JSON
  Parameters: {"session"=>{}}
Completed   in 1ms (ActiveRecord: 0.0ms)


Started DELETE "/sign_out.json" for 127.0.0.1 at 2015-10-14 23:03:31 -0700
Processing by SessionsController#destroy as JSON
  Parameters: {"session"=>{}}
  [1m[35mUser Load (0.4ms)[0m  SELECT  "users".* FROM "users" WHERE "users"."email" = $1 LIMIT 1  [["email", "test2@test.com"]]
  [1m[36mAuthenticationToken Load (0.3ms)[0m  [1mSELECT "authentication_tokens".* FROM "authentication_tokens" WHERE "authentication_tokens"."user_id" = $1[0m  [["user_id", 2]]
Completed   in 21ms (ActiveRecord: 0.7ms)


Started DELETE "/sign_out.json" for 127.0.0.1 at 2015-10-14 23:04:13 -0700
Processing by SessionsController#destroy as JSON
  Parameters: {"session"=>{}}
  [1m[35mUser Load (0.3ms)[0m  SELECT  "users".* FROM "users" WHERE "users"."email" = $1 LIMIT 1  [["email", "test1@test.com"]]
  [1m[36mAuthenticationToken Load (0.4ms)[0m  [1mSELECT "authentication_tokens".* FROM "authentication_tokens" WHERE "authentication_tokens"."user_id" = $1[0m  [["user_id", 1]]
Completed   in 13ms (ActiveRecord: 0.7ms)


Started GET "/" for 127.0.0.1 at 2015-10-14 23:10:41 -0700
  [1m[36mActiveRecord::SchemaMigration Load (0.3ms)[0m  [1mSELECT "schema_migrations".* FROM "schema_migrations"[0m
Processing by WelcomeController#index as HTML
  Rendered welcome/index.html.erb within layouts/application (33913.8ms)
Completed 200 OK in 34770ms (Views: 34756.5ms | ActiveRecord: 0.0ms)


Started GET "/assets/welcome.self-e3b0c44298fc1c149afbf4c8996fb92427ae41e4649b934ca495991b7852b855.css?body=1" for 127.0.0.1 at 2015-10-14 23:11:16 -0700


Started GET "/assets/turbolinks.self-c37727e9bd6b2735da5c311aa83fead54ed0be6cc8bd9a65309e9c5abe2cbfff.js?body=1" for 127.0.0.1 at 2015-10-14 23:11:16 -0700


Started GET "/assets/application.self-e80e8f2318043e8af94dddc2adad5a4f09739a8ebb323b3ab31cd71d45fd9113.css?body=1" for 127.0.0.1 at 2015-10-14 23:11:16 -0700


Started GET "/assets/welcome.self-877aef30ae1b040ab8a3aba4e3e309a11d7f2612f44dde450b5c157aa5f95c05.js?body=1" for 127.0.0.1 at 2015-10-14 23:11:16 -0700


Started GET "/assets/jquery.self-a714331225dda820228db323939889f149aec0127aeb06255646b616ba1ca419.js?body=1" for 127.0.0.1 at 2015-10-14 23:11:16 -0700


Started GET "/assets/jquery_ujs.self-d456baa54c1fa6be2ec3711f0a72ddf7a5b2f34a6b4f515f33767d6207b7d4b3.js?body=1" for 127.0.0.1 at 2015-10-14 23:11:16 -0700


Started GET "/assets/application.self-3b8dabdc891efe46b9a144b400ad69e37d7e5876bdc39dee783419a69d7ca819.js?body=1" for 127.0.0.1 at 2015-10-14 23:11:16 -0700


Started GET "/" for 127.0.0.1 at 2015-10-14 23:12:29 -0700
Processing by WelcomeController#index as HTML
  [1m[35mUser Load (0.4ms)[0m  SELECT  "users".* FROM "users" WHERE "users"."id" = $1 LIMIT 1  [["id", 2]]
  [1m[36mCACHE (0.1ms)[0m  [1mSELECT  "users".* FROM "users" WHERE "users"."id" = $1 LIMIT 1[0m  [["id", 2]]
  Rendered welcome/index.html.erb within layouts/application (14354.2ms)
Completed 200 OK in 14576ms (Views: 14569.0ms | ActiveRecord: 3.5ms)


Started GET "/assets/welcome.self-e3b0c44298fc1c149afbf4c8996fb92427ae41e4649b934ca495991b7852b855.css?body=1" for 127.0.0.1 at 2015-10-14 23:12:43 -0700


Started GET "/assets/jquery.self-a714331225dda820228db323939889f149aec0127aeb06255646b616ba1ca419.js?body=1" for 127.0.0.1 at 2015-10-14 23:12:44 -0700


Started GET "/assets/application.self-e80e8f2318043e8af94dddc2adad5a4f09739a8ebb323b3ab31cd71d45fd9113.css?body=1" for 127.0.0.1 at 2015-10-14 23:12:44 -0700


Started GET "/assets/jquery_ujs.self-d456baa54c1fa6be2ec3711f0a72ddf7a5b2f34a6b4f515f33767d6207b7d4b3.js?body=1" for 127.0.0.1 at 2015-10-14 23:12:44 -0700


Started GET "/assets/turbolinks.self-c37727e9bd6b2735da5c311aa83fead54ed0be6cc8bd9a65309e9c5abe2cbfff.js?body=1" for 127.0.0.1 at 2015-10-14 23:12:44 -0700


Started GET "/assets/application.self-3b8dabdc891efe46b9a144b400ad69e37d7e5876bdc39dee783419a69d7ca819.js?body=1" for 127.0.0.1 at 2015-10-14 23:12:44 -0700


Started GET "/assets/welcome.self-877aef30ae1b040ab8a3aba4e3e309a11d7f2612f44dde450b5c157aa5f95c05.js?body=1" for 127.0.0.1 at 2015-10-14 23:12:44 -0700


Started GET "/sign_out" for 127.0.0.1 at 2015-10-14 23:12:49 -0700
Processing by SessionsController#destroy as HTML
Completed   in 5ms (ActiveRecord: 0.0ms)


Started GET "/sign_out" for 127.0.0.1 at 2015-10-14 23:13:39 -0700
Processing by SessionsController#destroy as HTML
Completed   in 8ms (ActiveRecord: 0.0ms)


Started GET "/sign_out" for 127.0.0.1 at 2015-10-14 23:14:18 -0700
Processing by SessionsController#destroy as HTML
Completed   in 3ms (ActiveRecord: 0.0ms)


Started GET "/sign_out" for 127.0.0.1 at 2015-10-14 23:14:24 -0700
Processing by SessionsController#destroy as HTML
Completed   in 3ms (ActiveRecord: 0.0ms)


Started GET "/sign_out" for 127.0.0.1 at 2015-10-14 23:14:43 -0700
Processing by SessionsController#destroy as HTML
Completed   in 3ms (ActiveRecord: 0.0ms)


Started GET "/" for 127.0.0.1 at 2015-10-14 23:16:14 -0700
Processing by WelcomeController#index as HTML
  Rendered welcome/index.html.erb within layouts/application (5.8ms)
Completed 200 OK in 209ms (Views: 205.7ms | ActiveRecord: 0.0ms)


Started GET "/assets/welcome.self-e3b0c44298fc1c149afbf4c8996fb92427ae41e4649b934ca495991b7852b855.css?body=1" for 127.0.0.1 at 2015-10-14 23:16:15 -0700


Started GET "/assets/application.self-e80e8f2318043e8af94dddc2adad5a4f09739a8ebb323b3ab31cd71d45fd9113.css?body=1" for 127.0.0.1 at 2015-10-14 23:16:15 -0700


Started GET "/assets/jquery_ujs.self-d456baa54c1fa6be2ec3711f0a72ddf7a5b2f34a6b4f515f33767d6207b7d4b3.js?body=1" for 127.0.0.1 at 2015-10-14 23:16:15 -0700


Started GET "/assets/welcome.self-877aef30ae1b040ab8a3aba4e3e309a11d7f2612f44dde450b5c157aa5f95c05.js?body=1" for 127.0.0.1 at 2015-10-14 23:16:15 -0700


Started GET "/assets/turbolinks.self-c37727e9bd6b2735da5c311aa83fead54ed0be6cc8bd9a65309e9c5abe2cbfff.js?body=1" for 127.0.0.1 at 2015-10-14 23:16:15 -0700


Started GET "/assets/jquery.self-a714331225dda820228db323939889f149aec0127aeb06255646b616ba1ca419.js?body=1" for 127.0.0.1 at 2015-10-14 23:16:15 -0700


Started GET "/assets/application.self-3b8dabdc891efe46b9a144b400ad69e37d7e5876bdc39dee783419a69d7ca819.js?body=1" for 127.0.0.1 at 2015-10-14 23:16:15 -0700


Started POST "/sign_in" for 127.0.0.1 at 2015-10-14 23:16:23 -0700
Processing by SessionsController#create as HTML
  Parameters: {"utf8"=>"✓", "authenticity_token"=>"DOAKuSjor8ZDtzTCvGijx1dpI+9kVOHXi/7K1HMHoez8bg2ePdMaqGnm6GXb44CEDWLt0E6kiHHVCRDKV7leZA==", "user"=>{"email"=>"test3@test.com", "password"=>"[FILTERED]"}, "commit"=>"Sign In"}
  [1m[35mUser Load (0.5ms)[0m  SELECT  "users".* FROM "users" WHERE "users"."email" = $1 LIMIT 1  [["email", "test3@test.com"]]
  [1m[36m (0.4ms)[0m  [1mBEGIN[0m
  [1m[35mSQL (1.0ms)[0m  INSERT INTO "authentication_tokens" ("last_used_at", "ip_address", "user_agent", "user_id", "created_at", "updated_at", "body") VALUES ($1, $2, $3, $4, $5, $6, $7) RETURNING "id"  [["last_used_at", "2015-10-15 06:16:23.549233"], ["ip_address", "127.0.0.1"], ["user_agent", "Mozilla/5.0 (X11; Ubuntu; Linux i686; rv:40.0) Gecko/20100101 Firefox/40.0"], ["user_id", 3], ["created_at", "2015-10-15 06:16:23.630791"], ["updated_at", "2015-10-15 06:16:23.630791"], ["body", "kokAZXe7poA1TY5bMT9itK87"]]
  [1m[36m (14.9ms)[0m  [1mCOMMIT[0m
Redirected to http://localhost:3000/
Completed 302 Found in 356ms (ActiveRecord: 20.5ms)


Started GET "/" for 127.0.0.1 at 2015-10-14 23:16:23 -0700
Processing by WelcomeController#index as HTML
  Rendered welcome/index.html.erb within layouts/application (13.2ms)
Completed 200 OK in 404ms (Views: 398.6ms | ActiveRecord: 0.0ms)


Started GET "/sign_out" for 127.0.0.1 at 2015-10-14 23:17:40 -0700
Processing by SessionsController#destroy as HTML
Completed   in 3ms (ActiveRecord: 0.0ms)


Started GET "/sign_out" for 127.0.0.1 at 2015-10-14 23:17:57 -0700
Processing by SessionsController#destroy as HTML
Completed   in 3ms (ActiveRecord: 0.0ms)
